  Bishop.cpp
e:\projekty git\szachy\chessv4\chess\chess\figure.h(5): warning C4067: nieoczekiwane tokeny występujące po dyrektywie preprocesora - oczekiwano nowego wiersza
e:\projekty git\szachy\chessv4\chess\chess\tower.h(8): error C2061: błąd składniowy: identyfikator „King”
e:\projekty git\szachy\chessv4\chess\chess\tower.h(11): error C2143: błąd składniowy: brakuje „;” przed „*”
e:\projekty git\szachy\chessv4\chess\chess\tower.h(11): error C4430: brak specyfikatora typu - założono, że int. Uwaga: C++ nie obsługuje domyślnie typu int
e:\projekty git\szachy\chessv4\chess\chess\tower.h(11): error C2238: nieoczekiwany(e) token(y) poprzedzający(e) ";"
e:\projekty git\szachy\chessv4\chess\chess\bishop.cpp(22): warning C4244: "inicjowanie": konwersja z "T" do "int", możliwa utrata danych
          with
          [
              T=float
          ]
e:\projekty git\szachy\chessv4\chess\chess\bishop.cpp(23): warning C4244: "inicjowanie": konwersja z "T" do "int", możliwa utrata danych
          with
          [
              T=float
          ]
  figure.cpp
e:\projekty git\szachy\chessv4\chess\chess\figure.h(5): warning C4067: nieoczekiwane tokeny występujące po dyrektywie preprocesora - oczekiwano nowego wiersza
  Game.cpp
e:\projekty git\szachy\chessv4\chess\chess\figure.h(5): warning C4067: nieoczekiwane tokeny występujące po dyrektywie preprocesora - oczekiwano nowego wiersza
e:\projekty git\szachy\chessv4\chess\chess\tower.h(8): error C2061: błąd składniowy: identyfikator „King”
e:\projekty git\szachy\chessv4\chess\chess\tower.h(11): error C2143: błąd składniowy: brakuje „;” przed „*”
e:\projekty git\szachy\chessv4\chess\chess\tower.h(11): error C4430: brak specyfikatora typu - założono, że int. Uwaga: C++ nie obsługuje domyślnie typu int
e:\projekty git\szachy\chessv4\chess\chess\tower.h(11): error C2238: nieoczekiwany(e) token(y) poprzedzający(e) ";"
e:\projekty git\szachy\chessv4\chess\chess\game.cpp(17): error C2661: "Tower::Tower": brak przeciążonej funkcji przyjmującej 6 argumenty
e:\projekty git\szachy\chessv4\chess\chess\game.cpp(18): error C2661: "Tower::Tower": brak przeciążonej funkcji przyjmującej 6 argumenty
e:\projekty git\szachy\chessv4\chess\chess\game.cpp(19): error C2661: "Tower::Tower": brak przeciążonej funkcji przyjmującej 6 argumenty
e:\projekty git\szachy\chessv4\chess\chess\game.cpp(20): error C2661: "Tower::Tower": brak przeciążonej funkcji przyjmującej 6 argumenty
e:\projekty git\szachy\chessv4\chess\chess\game.cpp(148): warning C4244: "inicjowanie": konwersja z "T" do "int", możliwa utrata danych
          with
          [
              T=float
          ]
e:\projekty git\szachy\chessv4\chess\chess\game.cpp(149): warning C4244: "inicjowanie": konwersja z "T" do "int", możliwa utrata danych
          with
          [
              T=float
          ]
e:\projekty git\szachy\chessv4\chess\chess\game.cpp(152): warning C4244: "=": konwersja z "T" do "int", możliwa utrata danych
          with
          [
              T=float
          ]
e:\projekty git\szachy\chessv4\chess\chess\game.cpp(153): warning C4244: "=": konwersja z "T" do "int", możliwa utrata danych
          with
          [
              T=float
          ]
e:\projekty git\szachy\chessv4\chess\chess\game.cpp(176): warning C4244: "argument": konwersja z "T" do "std::array<std::array<int,8>,8>::size_type", możliwa utrata danych
          with
          [
              T=float
          ]
e:\projekty git\szachy\chessv4\chess\chess\game.cpp(176): warning C4244: "argument": konwersja z "T" do "std::array<int,8>::size_type", możliwa utrata danych
          with
          [
              T=float
          ]
e:\projekty git\szachy\chessv4\chess\chess\game.cpp(231): warning C4244: "argument": konwersja z "T" do "T", możliwa utrata danych
          with
          [
              T=int
          ]
          and
          [
              T=float
          ]
e:\projekty git\szachy\chessv4\chess\chess\game.cpp(252): warning C4244: "inicjowanie": konwersja z "T" do "int", możliwa utrata danych
          with
          [
              T=float
          ]
e:\projekty git\szachy\chessv4\chess\chess\game.cpp(253): warning C4244: "inicjowanie": konwersja z "T" do "int", możliwa utrata danych
          with
          [
              T=float
          ]
e:\projekty git\szachy\chessv4\chess\chess\game.cpp(260): warning C4244: "inicjowanie": konwersja z "T" do "int", możliwa utrata danych
          with
          [
              T=float
          ]
e:\projekty git\szachy\chessv4\chess\chess\game.cpp(261): warning C4244: "inicjowanie": konwersja z "T" do "int", możliwa utrata danych
          with
          [
              T=float
          ]
e:\projekty git\szachy\chessv4\chess\chess\game.cpp(274): warning C4244: "inicjowanie": konwersja z "T" do "int", możliwa utrata danych
          with
          [
              T=float
          ]
e:\projekty git\szachy\chessv4\chess\chess\game.cpp(275): warning C4244: "inicjowanie": konwersja z "T" do "int", możliwa utrata danych
          with
          [
              T=float
          ]
e:\projekty git\szachy\chessv4\chess\chess\game.cpp(340): warning C4244: "inicjowanie": konwersja z "T" do "int", możliwa utrata danych
          with
          [
              T=float
          ]
e:\projekty git\szachy\chessv4\chess\chess\game.cpp(341): warning C4244: "inicjowanie": konwersja z "T" do "int", możliwa utrata danych
          with
          [
              T=float
          ]
e:\projekty git\szachy\chessv4\chess\chess\game.cpp(357): warning C4244: "inicjowanie": konwersja z "T" do "int", możliwa utrata danych
          with
          [
              T=float
          ]
e:\projekty git\szachy\chessv4\chess\chess\game.cpp(358): warning C4244: "inicjowanie": konwersja z "T" do "int", możliwa utrata danych
          with
          [
              T=float
          ]
  King.cpp
e:\projekty git\szachy\chessv4\chess\chess\figure.h(5): warning C4067: nieoczekiwane tokeny występujące po dyrektywie preprocesora - oczekiwano nowego wiersza
e:\projekty git\szachy\chessv4\chess\chess\tower.h(8): error C2061: błąd składniowy: identyfikator „King”
e:\projekty git\szachy\chessv4\chess\chess\tower.h(11): error C2143: błąd składniowy: brakuje „;” przed „*”
e:\projekty git\szachy\chessv4\chess\chess\tower.h(11): error C4430: brak specyfikatora typu - założono, że int. Uwaga: C++ nie obsługuje domyślnie typu int
e:\projekty git\szachy\chessv4\chess\chess\tower.h(11): error C2238: nieoczekiwany(e) token(y) poprzedzający(e) ";"
e:\projekty git\szachy\chessv4\chess\chess\king.cpp(22): warning C4244: "inicjowanie": konwersja z "T" do "int", możliwa utrata danych
          with
          [
              T=float
          ]
e:\projekty git\szachy\chessv4\chess\chess\king.cpp(23): warning C4244: "inicjowanie": konwersja z "T" do "int", możliwa utrata danych
          with
          [
              T=float
          ]
e:\projekty git\szachy\chessv4\chess\chess\king.cpp(62): warning C4554: „&”: Sprawdź pierwszeństwo operatorów w poszukiwaniu możliwego błędu; użyj nawiasów, aby ujednoznacznić pierwszeństwo
e:\projekty git\szachy\chessv4\chess\chess\king.cpp(73): warning C4554: „&”: Sprawdź pierwszeństwo operatorów w poszukiwaniu możliwego błędu; użyj nawiasów, aby ujednoznacznić pierwszeństwo
e:\projekty git\szachy\chessv4\chess\chess\king.cpp(86): warning C4554: „&”: Sprawdź pierwszeństwo operatorów w poszukiwaniu możliwego błędu; użyj nawiasów, aby ujednoznacznić pierwszeństwo
e:\projekty git\szachy\chessv4\chess\chess\king.cpp(97): warning C4554: „&”: Sprawdź pierwszeństwo operatorów w poszukiwaniu możliwego błędu; użyj nawiasów, aby ujednoznacznić pierwszeństwo
  knight.cpp
e:\projekty git\szachy\chessv4\chess\chess\figure.h(5): warning C4067: nieoczekiwane tokeny występujące po dyrektywie preprocesora - oczekiwano nowego wiersza
e:\projekty git\szachy\chessv4\chess\chess\tower.h(8): error C2061: błąd składniowy: identyfikator „King”
e:\projekty git\szachy\chessv4\chess\chess\tower.h(11): error C2143: błąd składniowy: brakuje „;” przed „*”
e:\projekty git\szachy\chessv4\chess\chess\tower.h(11): error C4430: brak specyfikatora typu - założono, że int. Uwaga: C++ nie obsługuje domyślnie typu int
e:\projekty git\szachy\chessv4\chess\chess\tower.h(11): error C2238: nieoczekiwany(e) token(y) poprzedzający(e) ";"
e:\projekty git\szachy\chessv4\chess\chess\knight.cpp(23): warning C4244: "inicjowanie": konwersja z "T" do "int", możliwa utrata danych
          with
          [
              T=float
          ]
e:\projekty git\szachy\chessv4\chess\chess\knight.cpp(24): warning C4244: "inicjowanie": konwersja z "T" do "int", możliwa utrata danych
          with
          [
              T=float
          ]
  mian.cpp
e:\projekty git\szachy\chessv4\chess\chess\figure.h(5): warning C4067: nieoczekiwane tokeny występujące po dyrektywie preprocesora - oczekiwano nowego wiersza
e:\projekty git\szachy\chessv4\chess\chess\tower.h(8): error C2061: błąd składniowy: identyfikator „King”
e:\projekty git\szachy\chessv4\chess\chess\tower.h(11): error C2143: błąd składniowy: brakuje „;” przed „*”
e:\projekty git\szachy\chessv4\chess\chess\tower.h(11): error C4430: brak specyfikatora typu - założono, że int. Uwaga: C++ nie obsługuje domyślnie typu int
e:\projekty git\szachy\chessv4\chess\chess\tower.h(11): error C2238: nieoczekiwany(e) token(y) poprzedzający(e) ";"
  Pawn.cpp
e:\projekty git\szachy\chessv4\chess\chess\figure.h(5): warning C4067: nieoczekiwane tokeny występujące po dyrektywie preprocesora - oczekiwano nowego wiersza
e:\projekty git\szachy\chessv4\chess\chess\tower.h(8): error C2061: błąd składniowy: identyfikator „King”
e:\projekty git\szachy\chessv4\chess\chess\tower.h(11): error C2143: błąd składniowy: brakuje „;” przed „*”
e:\projekty git\szachy\chessv4\chess\chess\tower.h(11): error C4430: brak specyfikatora typu - założono, że int. Uwaga: C++ nie obsługuje domyślnie typu int
e:\projekty git\szachy\chessv4\chess\chess\tower.h(11): error C2238: nieoczekiwany(e) token(y) poprzedzający(e) ";"
e:\projekty git\szachy\chessv4\chess\chess\pawn.cpp(23): warning C4244: "inicjowanie": konwersja z "T" do "int", możliwa utrata danych
          with
          [
              T=float
          ]
e:\projekty git\szachy\chessv4\chess\chess\pawn.cpp(24): warning C4244: "inicjowanie": konwersja z "T" do "int", możliwa utrata danych
          with
          [
              T=float
          ]
e:\projekty git\szachy\chessv4\chess\chess\pawn.cpp(123): warning C4244: "argument": konwersja z "T" do "int", możliwa utrata danych
          with
          [
              T=float
          ]
  Queen.cpp
e:\projekty git\szachy\chessv4\chess\chess\figure.h(5): warning C4067: nieoczekiwane tokeny występujące po dyrektywie preprocesora - oczekiwano nowego wiersza
e:\projekty git\szachy\chessv4\chess\chess\tower.h(8): error C2061: błąd składniowy: identyfikator „King”
e:\projekty git\szachy\chessv4\chess\chess\tower.h(11): error C2143: błąd składniowy: brakuje „;” przed „*”
e:\projekty git\szachy\chessv4\chess\chess\tower.h(11): error C4430: brak specyfikatora typu - założono, że int. Uwaga: C++ nie obsługuje domyślnie typu int
e:\projekty git\szachy\chessv4\chess\chess\tower.h(11): error C2238: nieoczekiwany(e) token(y) poprzedzający(e) ";"
e:\projekty git\szachy\chessv4\chess\chess\queen.cpp(22): warning C4244: "inicjowanie": konwersja z "T" do "int", możliwa utrata danych
          with
          [
              T=float
          ]
e:\projekty git\szachy\chessv4\chess\chess\queen.cpp(23): warning C4244: "inicjowanie": konwersja z "T" do "int", możliwa utrata danych
          with
          [
              T=float
          ]
  Tower.cpp
e:\projekty git\szachy\chessv4\chess\chess\figure.h(5): warning C4067: nieoczekiwane tokeny występujące po dyrektywie preprocesora - oczekiwano nowego wiersza
e:\projekty git\szachy\chessv4\chess\chess\tower.cpp(23): warning C4244: "inicjowanie": konwersja z "T" do "int", możliwa utrata danych
          with
          [
              T=float
          ]
e:\projekty git\szachy\chessv4\chess\chess\tower.cpp(24): warning C4244: "inicjowanie": konwersja z "T" do "int", możliwa utrata danych
          with
          [
              T=float
          ]
